1639023846725	geckodriver	INFO	Listening on 127.0.0.1:58197
1639023849812	mozrunner::runner	INFO	Running command: "C:\\Program Files\\Mozilla Firefox\\firefox.exe" "--marionette" "--remote-debugging-port" "58198" "-no-remote" "-profile" "C:\\Users\\sydst\\AppData\\Local\\Temp\\rust_mozprofiled8GRwE"
1639023850507	Marionette	INFO	Marionette enabled
console.warn: SearchSettings: "get: No settings file exists, new profile?" (new NotFoundError("Could not open the file at C:\\Users\\sydst\\AppData\\Local\\Temp\\rust_mozprofiled8GRwE\\search.json.mozlz4", (void 0)))
DevTools listening on ws://localhost:58198/devtools/browser/bfc8face-27bb-4315-bc01-38b7f6b854d3
1639023853155	Marionette	INFO	Listening on port 58203
1639023853549	RemoteAgent	WARN	TLS certificate errors will be ignored for this session
1639023853883	Marionette	INFO	Stopped listening on port 58203
[Parent 19464, IPC I/O Parent] WARNING: file /builds/worker/checkouts/gecko/ipc/chromium/src/base/process_util_win.cc:167
console.error: QuickSuggest: (new RemoteSettingsWorkerError("Remote Settings has shut down.", "resource://services-settings/RemoteSettingsWorker.jsm", 46))
1639074122984	geckodriver	INFO	Listening on 127.0.0.1:60328
1639074126032	mozrunner::runner	INFO	Running command: "C:\\Program Files\\Mozilla Firefox\\firefox.exe" "--marionette" "--remote-debugging-port" "60329" "-no-remote" "-profile" "C:\\Users\\sydst\\AppData\\Local\\Temp\\rust_mozprofileEp9z5W"
1639074126918	Marionette	INFO	Marionette enabled
console.warn: SearchSettings: "get: No settings file exists, new profile?" (new NotFoundError("Could not open the file at C:\\Users\\sydst\\AppData\\Local\\Temp\\rust_mozprofileEp9z5W\\search.json.mozlz4", (void 0)))
DevTools listening on ws://localhost:60329/devtools/browser/8aa79bfc-3790-46f0-bdb0-0cf62a484b06
1639074130039	Marionette	INFO	Listening on port 60334
1639074130306	RemoteAgent	WARN	TLS certificate errors will be ignored for this session
1639074130484	Marionette	INFO	Stopped listening on port 60334
console.error: QuickSuggest: (new Error("Shutdown, aborting read-only worker requests.", "resource://services-settings/RemoteSettingsWorker.jsm", 143))

###!!! [Parent][RunMessage] Error: Channel closing: too late to send/recv, messages will be lost

1639075971849	geckodriver	INFO	Listening on 127.0.0.1:65411
1639075974927	mozrunner::runner	INFO	Running command: "C:\\Program Files\\Mozilla Firefox\\firefox.exe" "--marionette" "--remote-debugging-port" "65412" "-no-remote" "-profile" "C:\\Users\\sydst\\AppData\\Local\\Temp\\rust_mozprofileuWXQWt"
1639075975367	Marionette	INFO	Marionette enabled
console.warn: SearchSettings: "get: No settings file exists, new profile?" (new NotFoundError("Could not open the file at C:\\Users\\sydst\\AppData\\Local\\Temp\\rust_mozprofileuWXQWt\\search.json.mozlz4", (void 0)))
DevTools listening on ws://localhost:65412/devtools/browser/3e889c93-ee6c-4d93-ad8a-43a396739cb9
1639075978230	Marionette	INFO	Listening on port 65417
1639075978658	RemoteAgent	WARN	TLS certificate errors will be ignored for this session
1639075978792	Marionette	INFO	Stopped listening on port 65417
console.error: QuickSuggest: (new Error("Shutdown, aborting read-only worker requests.", "resource://services-settings/RemoteSettingsWorker.jsm", 143))

###!!! [Parent][RunMessage] Error: Channel closing: too late to send/recv, messages will be lost

1639076012050	geckodriver	INFO	Listening on 127.0.0.1:65471
1639076015141	mozrunner::runner	INFO	Running command: "C:\\Program Files\\Mozilla Firefox\\firefox.exe" "--marionette" "--remote-debugging-port" "65472" "-no-remote" "-profile" "C:\\Users\\sydst\\AppData\\Local\\Temp\\rust_mozprofileWKhKS3"
1639076015519	Marionette	INFO	Marionette enabled
console.warn: SearchSettings: "get: No settings file exists, new profile?" (new NotFoundError("Could not open the file at C:\\Users\\sydst\\AppData\\Local\\Temp\\rust_mozprofileWKhKS3\\search.json.mozlz4", (void 0)))
DevTools listening on ws://localhost:65472/devtools/browser/d15a8192-2515-49c3-a6d3-de401acb701c
1639076018135	Marionette	INFO	Listening on port 65478
1639076018368	RemoteAgent	WARN	TLS certificate errors will be ignored for this session
1639076018513	Marionette	INFO	Stopped listening on port 65478
console.error: QuickSuggest: (new Error("Shutdown, aborting read-only worker requests.", "resource://services-settings/RemoteSettingsWorker.jsm", 143))
1639076135996	geckodriver	INFO	Listening on 127.0.0.1:65528
1639076139052	mozrunner::runner	INFO	Running command: "C:\\Program Files\\Mozilla Firefox\\firefox.exe" "--marionette" "--remote-debugging-port" "65529" "-no-remote" "-profile" "C:\\Users\\sydst\\AppData\\Local\\Temp\\rust_mozprofilebbl0Wb"
1639076139407	Marionette	INFO	Marionette enabled
console.warn: SearchSettings: "get: No settings file exists, new profile?" (new NotFoundError("Could not open the file at C:\\Users\\sydst\\AppData\\Local\\Temp\\rust_mozprofilebbl0Wb\\search.json.mozlz4", (void 0)))
DevTools listening on ws://localhost:65529/devtools/browser/68f62056-a1b7-48ff-bff0-a91a3143055e
1639076141961	Marionette	INFO	Listening on port 49152
1639076142277	RemoteAgent	WARN	TLS certificate errors will be ignored for this session
1639076142424	Marionette	INFO	Stopped listening on port 49152
console.error: QuickSuggest: (new Error("Shutdown, aborting read-only worker requests.", "resource://services-settings/RemoteSettingsWorker.jsm", 143))

###!!! [Parent][RunMessage] Error: Channel closing: too late to send/recv, messages will be lost

1639076237615	geckodriver	INFO	Listening on 127.0.0.1:49206
1639076240678	mozrunner::runner	INFO	Running command: "C:\\Program Files\\Mozilla Firefox\\firefox.exe" "--marionette" "--remote-debugging-port" "49207" "-no-remote" "-profile" "C:\\Users\\sydst\\AppData\\Local\\Temp\\rust_mozprofilePVEkEm"
1639076241083	Marionette	INFO	Marionette enabled
console.warn: SearchSettings: "get: No settings file exists, new profile?" (new NotFoundError("Could not open the file at C:\\Users\\sydst\\AppData\\Local\\Temp\\rust_mozprofilePVEkEm\\search.json.mozlz4", (void 0)))
DevTools listening on ws://localhost:49207/devtools/browser/69c1d762-c43c-428f-93ac-fd50602bdf1b
1639076243720	Marionette	INFO	Listening on port 49212
1639076243924	RemoteAgent	WARN	TLS certificate errors will be ignored for this session
1639076244074	Marionette	INFO	Stopped listening on port 49212
console.error: QuickSuggest: (new Error("Shutdown, aborting read-only worker requests.", "resource://services-settings/RemoteSettingsWorker.jsm", 143))

###!!! [Parent][RunMessage] Error: Channel closing: too late to send/recv, messages will be lost

1639076552677	geckodriver	INFO	Listening on 127.0.0.1:62094
1639076555739	mozrunner::runner	INFO	Running command: "C:\\Program Files\\Mozilla Firefox\\firefox.exe" "--marionette" "--remote-debugging-port" "62095" "-no-remote" "-profile" "C:\\Users\\sydst\\AppData\\Local\\Temp\\rust_mozprofileaGWwbQ"
1639076556327	Marionette	INFO	Marionette enabled
console.warn: SearchSettings: "get: No settings file exists, new profile?" (new NotFoundError("Could not open the file at C:\\Users\\sydst\\AppData\\Local\\Temp\\rust_mozprofileaGWwbQ\\search.json.mozlz4", (void 0)))
DevTools listening on ws://localhost:62095/devtools/browser/96e54819-18d7-4990-bdc9-90e85535c8d7
1639076558888	Marionette	INFO	Listening on port 62100
1639076558949	RemoteAgent	WARN	TLS certificate errors will be ignored for this session
1639076559106	Marionette	INFO	Stopped listening on port 62100

###!!! [Parent][RunMessage] Error: Channel closing: too late to send/recv, messages will be lost

1639080692534	geckodriver	INFO	Listening on 127.0.0.1:52026
1639080695605	mozrunner::runner	INFO	Running command: "C:\\Program Files\\Mozilla Firefox\\firefox.exe" "--marionette" "--remote-debugging-port" "52027" "-no-remote" "-profile" "C:\\Users\\sydst\\AppData\\Local\\Temp\\rust_mozprofileCsCJVO"
1639080695920	Marionette	INFO	Marionette enabled
console.warn: SearchSettings: "get: No settings file exists, new profile?" (new NotFoundError("Could not open the file at C:\\Users\\sydst\\AppData\\Local\\Temp\\rust_mozprofileCsCJVO\\search.json.mozlz4", (void 0)))
DevTools listening on ws://localhost:52027/devtools/browser/b6680fe9-1381-4f24-8213-5c0c89d530f3
1639080698126	Marionette	INFO	Listening on port 52032
1639080698298	RemoteAgent	WARN	TLS certificate errors will be ignored for this session
1639080698407	Marionette	INFO	Stopped listening on port 52032
console.error: QuickSuggest: (new TypeError("NetworkError: Network request failed", "resource://services-settings/Utils.jsm", 117))

###!!! [Parent][RunMessage] Error: Channel closing: too late to send/recv, messages will be lost

1639085156659	geckodriver	INFO	Listening on 127.0.0.1:60702
1639085159706	mozrunner::runner	INFO	Running command: "C:\\Program Files\\Mozilla Firefox\\firefox.exe" "--marionette" "--remote-debugging-port" "60703" "-no-remote" "-profile" "C:\\Users\\sydst\\AppData\\Local\\Temp\\rust_mozprofile2q5Gxa"
1639085160099	Marionette	INFO	Marionette enabled
console.warn: SearchSettings: "get: No settings file exists, new profile?" (new NotFoundError("Could not open the file at C:\\Users\\sydst\\AppData\\Local\\Temp\\rust_mozprofile2q5Gxa\\search.json.mozlz4", (void 0)))
DevTools listening on ws://localhost:60703/devtools/browser/bf1c2c90-4ad5-413c-996c-b97fcaf2a807
1639085162815	Marionette	INFO	Listening on port 60708
1639085162914	RemoteAgent	WARN	TLS certificate errors will be ignored for this session
1639085163096	Marionette	INFO	Stopped listening on port 60708
console.error: services.settings: 
  main/quicksuggest Signature failed  TypeError: NetworkError: Network request failed

###!!! [Parent][RunMessage] Error: Channel closing: too late to send/recv, messages will be lost

1639085163987	geckodriver	INFO	Listening on 127.0.0.1:60740
1639085167051	mozrunner::runner	INFO	Running command: "C:\\Program Files\\Mozilla Firefox\\firefox.exe" "--marionette" "--remote-debugging-port" "60741" "-no-remote" "-profile" "C:\\Users\\sydst\\AppData\\Local\\Temp\\rust_mozprofileCgGtom"
1639085167398	Marionette	INFO	Marionette enabled
console.warn: SearchSettings: "get: No settings file exists, new profile?" (new NotFoundError("Could not open the file at C:\\Users\\sydst\\AppData\\Local\\Temp\\rust_mozprofileCgGtom\\search.json.mozlz4", (void 0)))
DevTools listening on ws://localhost:60741/devtools/browser/7ba6c8d5-5211-40e3-a2f5-df7aaa567c33
1639085169870	Marionette	INFO	Listening on port 60746
1639085170255	RemoteAgent	WARN	TLS certificate errors will be ignored for this session
1639085170384	Marionette	INFO	Stopped listening on port 60746
console.error: QuickSuggest: (new Error("Shutdown, aborting read-only worker requests.", "resource://services-settings/RemoteSettingsWorker.jsm", 143))
1639085245831	geckodriver	INFO	Listening on 127.0.0.1:60802
1639085248889	mozrunner::runner	INFO	Running command: "C:\\Program Files\\Mozilla Firefox\\firefox.exe" "--marionette" "--remote-debugging-port" "60803" "-no-remote" "-profile" "C:\\Users\\sydst\\AppData\\Local\\Temp\\rust_mozprofileRGkhGZ"
1639085249191	Marionette	INFO	Marionette enabled
console.warn: SearchSettings: "get: No settings file exists, new profile?" (new NotFoundError("Could not open the file at C:\\Users\\sydst\\AppData\\Local\\Temp\\rust_mozprofileRGkhGZ\\search.json.mozlz4", (void 0)))
DevTools listening on ws://localhost:60803/devtools/browser/f86635ea-6bd2-4e7a-b985-db37b02b6dd5
1639085251466	Marionette	INFO	Listening on port 60809
1639085251575	RemoteAgent	WARN	TLS certificate errors will be ignored for this session
1639085251700	Marionette	INFO	Stopped listening on port 60809
console.error: services.settings: 
  main/query-stripping Signature failed  TypeError: NetworkError: Network request failed
console.error: services.settings: 
  main/quicksuggest Signature failed  TypeError: NetworkError: Network request failed

###!!! [Parent][RunMessage] Error: Channel closing: too late to send/recv, messages will be lost

1639085252442	geckodriver	INFO	Listening on 127.0.0.1:60836
1639085255512	mozrunner::runner	INFO	Running command: "C:\\Program Files\\Mozilla Firefox\\firefox.exe" "--marionette" "--remote-debugging-port" "60837" "-no-remote" "-profile" "C:\\Users\\sydst\\AppData\\Local\\Temp\\rust_mozprofileaCVrNG"
1639085255824	Marionette	INFO	Marionette enabled
console.warn: SearchSettings: "get: No settings file exists, new profile?" (new NotFoundError("Could not open the file at C:\\Users\\sydst\\AppData\\Local\\Temp\\rust_mozprofileaCVrNG\\search.json.mozlz4", (void 0)))
DevTools listening on ws://localhost:60837/devtools/browser/71690504-57e3-4356-a00a-faf8fa0bd9c2
1639085258046	Marionette	INFO	Listening on port 60843
1639085258177	RemoteAgent	WARN	TLS certificate errors will be ignored for this session
1639085258385	Marionette	INFO	Stopped listening on port 60843
console.warn: services.settings: main/quicksuggest sync interrupted by shutdown

###!!! [Parent][RunMessage] Error: Channel closing: too late to send/recv, messages will be lost

1639085324118	geckodriver	INFO	Listening on 127.0.0.1:60883
1639085327184	mozrunner::runner	INFO	Running command: "C:\\Program Files\\Mozilla Firefox\\firefox.exe" "--marionette" "--remote-debugging-port" "60884" "-no-remote" "-profile" "C:\\Users\\sydst\\AppData\\Local\\Temp\\rust_mozprofileEM6hoG"
1639085327555	Marionette	INFO	Marionette enabled
console.warn: SearchSettings: "get: No settings file exists, new profile?" (new NotFoundError("Could not open the file at C:\\Users\\sydst\\AppData\\Local\\Temp\\rust_mozprofileEM6hoG\\search.json.mozlz4", (void 0)))
DevTools listening on ws://localhost:60884/devtools/browser/b4ee6086-ed41-41a0-9746-bc8ff0dbf877
1639085329918	Marionette	INFO	Listening on port 60889
1639085330388	RemoteAgent	WARN	TLS certificate errors will be ignored for this session
1639085330538	Marionette	INFO	Stopped listening on port 60889
console.error: services.settings: 
  main/query-stripping Signature failed  TypeError: NetworkError: Network request failed
1639085331551	geckodriver	INFO	Listening on 127.0.0.1:60919
1639085334606	mozrunner::runner	INFO	Running command: "C:\\Program Files\\Mozilla Firefox\\firefox.exe" "--marionette" "--remote-debugging-port" "60920" "-no-remote" "-profile" "C:\\Users\\sydst\\AppData\\Local\\Temp\\rust_mozprofiledVbkrH"
1639085334950	Marionette	INFO	Marionette enabled
console.warn: SearchSettings: "get: No settings file exists, new profile?" (new NotFoundError("Could not open the file at C:\\Users\\sydst\\AppData\\Local\\Temp\\rust_mozprofiledVbkrH\\search.json.mozlz4", (void 0)))
DevTools listening on ws://localhost:60920/devtools/browser/81bc35b5-2c4f-40ec-9101-8fe14113ff72
1639085337543	Marionette	INFO	Listening on port 60925
1639085337789	RemoteAgent	WARN	TLS certificate errors will be ignored for this session
1639085337999	Marionette	INFO	Stopped listening on port 60925
1639087340973	geckodriver	INFO	Listening on 127.0.0.1:54904
1639087344044	mozrunner::runner	INFO	Running command: "C:\\Program Files\\Mozilla Firefox\\firefox.exe" "--marionette" "--remote-debugging-port" "54905" "-no-remote" "-profile" "C:\\Users\\sydst\\AppData\\Local\\Temp\\rust_mozprofileNILyWN"
1639087344588	Marionette	INFO	Marionette enabled
console.warn: SearchSettings: "get: No settings file exists, new profile?" (new NotFoundError("Could not open the file at C:\\Users\\sydst\\AppData\\Local\\Temp\\rust_mozprofileNILyWN\\search.json.mozlz4", (void 0)))
DevTools listening on ws://localhost:54905/devtools/browser/0947b977-e7fa-4bc0-96b1-7ff67f500c97
1639087348270	Marionette	INFO	Listening on port 54910
1639087348367	RemoteAgent	WARN	TLS certificate errors will be ignored for this session
1639087348525	Marionette	INFO	Stopped listening on port 54910

###!!! [Parent][RunMessage] Error: Channel closing: too late to send/recv, messages will be lost

1639087349621	geckodriver	INFO	Listening on 127.0.0.1:54944
1639087352687	mozrunner::runner	INFO	Running command: "C:\\Program Files\\Mozilla Firefox\\firefox.exe" "--marionette" "--remote-debugging-port" "54945" "-no-remote" "-profile" "C:\\Users\\sydst\\AppData\\Local\\Temp\\rust_mozprofileFQ3NU0"
1639087353061	Marionette	INFO	Marionette enabled
console.warn: SearchSettings: "get: No settings file exists, new profile?" (new NotFoundError("Could not open the file at C:\\Users\\sydst\\AppData\\Local\\Temp\\rust_mozprofileFQ3NU0\\search.json.mozlz4", (void 0)))
DevTools listening on ws://localhost:54945/devtools/browser/91aa721c-108a-4413-bd09-299be33befc8
1639087355967	Marionette	INFO	Listening on port 54952
1639087356383	RemoteAgent	WARN	TLS certificate errors will be ignored for this session
1639087356503	Marionette	INFO	Stopped listening on port 54952
console.error: QuickSuggest: (new Error("Shutdown, aborting read-only worker requests.", "resource://services-settings/RemoteSettingsWorker.jsm", 143))

###!!! [Parent][RunMessage] Error: Channel closing: too late to send/recv, messages will be lost

1639087357635	geckodriver	INFO	Listening on 127.0.0.1:55003
1639087360684	mozrunner::runner	INFO	Running command: "C:\\Program Files\\Mozilla Firefox\\firefox.exe" "--marionette" "--remote-debugging-port" "55004" "-no-remote" "-profile" "C:\\Users\\sydst\\AppData\\Local\\Temp\\rust_mozprofileDkiyPb"
1639087361053	Marionette	INFO	Marionette enabled
console.warn: SearchSettings: "get: No settings file exists, new profile?" (new NotFoundError("Could not open the file at C:\\Users\\sydst\\AppData\\Local\\Temp\\rust_mozprofileDkiyPb\\search.json.mozlz4", (void 0)))
DevTools listening on ws://localhost:55004/devtools/browser/ac308967-3f39-445e-abbf-d61243d4c3a0
1639087363800	Marionette	INFO	Listening on port 55011
1639087363881	RemoteAgent	WARN	TLS certificate errors will be ignored for this session
1639087364076	Marionette	INFO	Stopped listening on port 55011
1639087365147	geckodriver	INFO	Listening on 127.0.0.1:55045
1639087368207	mozrunner::runner	INFO	Running command: "C:\\Program Files\\Mozilla Firefox\\firefox.exe" "--marionette" "--remote-debugging-port" "55046" "-no-remote" "-profile" "C:\\Users\\sydst\\AppData\\Local\\Temp\\rust_mozprofileRrLHS6"
1639087368591	Marionette	INFO	Marionette enabled
console.warn: SearchSettings: "get: No settings file exists, new profile?" (new NotFoundError("Could not open the file at C:\\Users\\sydst\\AppData\\Local\\Temp\\rust_mozprofileRrLHS6\\search.json.mozlz4", (void 0)))
DevTools listening on ws://localhost:55046/devtools/browser/66710cfb-c3b7-447f-8856-98b722fbad5f
1639087371373	Marionette	INFO	Listening on port 55051
1639087371401	RemoteAgent	WARN	TLS certificate errors will be ignored for this session
1639087371508	Marionette	INFO	Stopped listening on port 55051
console.error: services.settings: 
  main/query-stripping Signature failed  TypeError: NetworkError: Network request failed
console.error: services.settings: 
  main/quicksuggest Signature failed  TypeError: NetworkError: Network request failed
1639087409288	geckodriver	INFO	Listening on 127.0.0.1:55089
1639087412342	mozrunner::runner	INFO	Running command: "C:\\Program Files\\Mozilla Firefox\\firefox.exe" "--marionette" "--remote-debugging-port" "55090" "-no-remote" "-profile" "C:\\Users\\sydst\\AppData\\Local\\Temp\\rust_mozprofileU4zoKh"
1639087412727	Marionette	INFO	Marionette enabled
console.warn: SearchSettings: "get: No settings file exists, new profile?" (new NotFoundError("Could not open the file at C:\\Users\\sydst\\AppData\\Local\\Temp\\rust_mozprofileU4zoKh\\search.json.mozlz4", (void 0)))
DevTools listening on ws://localhost:55090/devtools/browser/c7681fa6-e661-46aa-b558-87557284147b
1639087415520	Marionette	INFO	Listening on port 55095
1639087416025	RemoteAgent	WARN	TLS certificate errors will be ignored for this session
1639087416146	Marionette	INFO	Stopped listening on port 55095
console.error: QuickSuggest: (new Error("Shutdown, aborting read-only worker requests.", "resource://services-settings/RemoteSettingsWorker.jsm", 143))

###!!! [Parent][RunMessage] Error: Channel closing: too late to send/recv, messages will be lost

1639087417228	geckodriver	INFO	Listening on 127.0.0.1:55146
1639087420298	mozrunner::runner	INFO	Running command: "C:\\Program Files\\Mozilla Firefox\\firefox.exe" "--marionette" "--remote-debugging-port" "55147" "-no-remote" "-profile" "C:\\Users\\sydst\\AppData\\Local\\Temp\\rust_mozprofileb7M4jt"
1639087420706	Marionette	INFO	Marionette enabled
console.warn: SearchSettings: "get: No settings file exists, new profile?" (new NotFoundError("Could not open the file at C:\\Users\\sydst\\AppData\\Local\\Temp\\rust_mozprofileb7M4jt\\search.json.mozlz4", (void 0)))
DevTools listening on ws://localhost:55147/devtools/browser/e2f5e164-bd1c-45e7-80dc-617348ebe29b
1639087423786	Marionette	INFO	Listening on port 55154
1639087424004	RemoteAgent	WARN	TLS certificate errors will be ignored for this session
1639087424133	Marionette	INFO	Stopped listening on port 55154
console.error: QuickSuggest: (new TypeError("NetworkError: Network request failed", "resource://services-settings/Utils.jsm", 117))
1639087425110	geckodriver	INFO	Listening on 127.0.0.1:55187
1639087428174	mozrunner::runner	INFO	Running command: "C:\\Program Files\\Mozilla Firefox\\firefox.exe" "--marionette" "--remote-debugging-port" "55188" "-no-remote" "-profile" "C:\\Users\\sydst\\AppData\\Local\\Temp\\rust_mozprofileQcw2mp"
1639087428605	Marionette	INFO	Marionette enabled
console.warn: SearchSettings: "get: No settings file exists, new profile?" (new NotFoundError("Could not open the file at C:\\Users\\sydst\\AppData\\Local\\Temp\\rust_mozprofileQcw2mp\\search.json.mozlz4", (void 0)))
DevTools listening on ws://localhost:55188/devtools/browser/79ffabd8-0b99-4fef-bfb3-63cbf5c195ca
1639087431433	Marionette	INFO	Listening on port 55193
1639087431868	RemoteAgent	WARN	TLS certificate errors will be ignored for this session
1639087432008	Marionette	INFO	Stopped listening on port 55193
console.error: QuickSuggest: (new Error("Shutdown, aborting read-only worker requests.", "resource://services-settings/RemoteSettingsWorker.jsm", 143))

###!!! [Parent][RunMessage] Error: Channel closing: too late to send/recv, messages will be lost

1639087481927	geckodriver	INFO	Listening on 127.0.0.1:55249
1639087485009	mozrunner::runner	INFO	Running command: "C:\\Program Files\\Mozilla Firefox\\firefox.exe" "--marionette" "--remote-debugging-port" "55250" "-no-remote" "-profile" "C:\\Users\\sydst\\AppData\\Local\\Temp\\rust_mozprofileZ7mFJI"
1639087485452	Marionette	INFO	Marionette enabled
console.warn: SearchSettings: "get: No settings file exists, new profile?" (new NotFoundError("Could not open the file at C:\\Users\\sydst\\AppData\\Local\\Temp\\rust_mozprofileZ7mFJI\\search.json.mozlz4", (void 0)))
DevTools listening on ws://localhost:55250/devtools/browser/7d05700f-dd81-4d22-a631-b08cf8fbe969
1639087488142	Marionette	INFO	Listening on port 55255
1639087488224	RemoteAgent	WARN	TLS certificate errors will be ignored for this session
1639087488489	Marionette	INFO	Stopped listening on port 55255

###!!! [Parent][RunMessage] Error: Channel closing: too late to send/recv, messages will be lost

1639087489464	geckodriver	INFO	Listening on 127.0.0.1:55290
1639087492517	mozrunner::runner	INFO	Running command: "C:\\Program Files\\Mozilla Firefox\\firefox.exe" "--marionette" "--remote-debugging-port" "55291" "-no-remote" "-profile" "C:\\Users\\sydst\\AppData\\Local\\Temp\\rust_mozprofileJEGTIv"
1639087492847	Marionette	INFO	Marionette enabled
console.warn: SearchSettings: "get: No settings file exists, new profile?" (new NotFoundError("Could not open the file at C:\\Users\\sydst\\AppData\\Local\\Temp\\rust_mozprofileJEGTIv\\search.json.mozlz4", (void 0)))
DevTools listening on ws://localhost:55291/devtools/browser/afa07285-62a9-44b6-894b-77643df3d18b
1639087495314	Marionette	INFO	Listening on port 55297
1639087495709	RemoteAgent	WARN	TLS certificate errors will be ignored for this session
1639087496068	Marionette	INFO	Stopped listening on port 55297
console.error: QuickSuggest: (new TypeError("NetworkError: Network request failed", "resource://services-settings/Utils.jsm", 117))
[Parent 12184, IPC I/O Parent] WARNING: file /builds/worker/checkouts/gecko/ipc/chromium/src/base/process_util_win.cc:167
1639087497075	geckodriver	INFO	Listening on 127.0.0.1:55347
1639087500132	mozrunner::runner	INFO	Running command: "C:\\Program Files\\Mozilla Firefox\\firefox.exe" "--marionette" "--remote-debugging-port" "55348" "-no-remote" "-profile" "C:\\Users\\sydst\\AppData\\Local\\Temp\\rust_mozprofileDXeUOC"
1639087500475	Marionette	INFO	Marionette enabled
console.warn: SearchSettings: "get: No settings file exists, new profile?" (new NotFoundError("Could not open the file at C:\\Users\\sydst\\AppData\\Local\\Temp\\rust_mozprofileDXeUOC\\search.json.mozlz4", (void 0)))
DevTools listening on ws://localhost:55348/devtools/browser/8abbebef-cb3e-4a7a-9deb-805c2b73b3d2
1639087503017	Marionette	INFO	Listening on port 55356
1639087503323	RemoteAgent	WARN	TLS certificate errors will be ignored for this session
1639087503442	Marionette	INFO	Stopped listening on port 55356
console.error: QuickSuggest: (new Error("Shutdown, aborting read-only worker requests.", "resource://services-settings/RemoteSettingsWorker.jsm", 143))
[Parent 12096, IPC I/O Parent] WARNING: file /builds/worker/checkouts/gecko/ipc/chromium/src/base/process_util_win.cc:167

###!!! [Parent][RunMessage] Error: Channel closing: too late to send/recv, messages will be lost

1639087566134	geckodriver	INFO	Listening on 127.0.0.1:55427
1639087569207	mozrunner::runner	INFO	Running command: "C:\\Program Files\\Mozilla Firefox\\firefox.exe" "--marionette" "--remote-debugging-port" "55428" "-no-remote" "-profile" "C:\\Users\\sydst\\AppData\\Local\\Temp\\rust_mozprofilemFwo7I"
1639087569601	Marionette	INFO	Marionette enabled
console.warn: SearchSettings: "get: No settings file exists, new profile?" (new NotFoundError("Could not open the file at C:\\Users\\sydst\\AppData\\Local\\Temp\\rust_mozprofilemFwo7I\\search.json.mozlz4", (void 0)))
DevTools listening on ws://localhost:55428/devtools/browser/f35ec787-dc08-4d5c-90a7-03232a46282c
1639087572471	Marionette	INFO	Listening on port 55433
1639087572910	RemoteAgent	WARN	TLS certificate errors will be ignored for this session
1639087573191	Marionette	INFO	Stopped listening on port 55433
console.warn: TopSitesFeed: Failed to fetch data from Contile server: NetworkError when attempting to fetch resource.
console.error: Region.jsm: "Error fetching region" (new TypeError("NetworkError when attempting to fetch resource.", ""))
console.error: Region.jsm: "Failed to fetch region" (new Error("NO_RESULT", "resource://gre/modules/Region.jsm", 419))
1639087576189	geckodriver	INFO	Listening on 127.0.0.1:55448
1639087579247	mozrunner::runner	INFO	Running command: "C:\\Program Files\\Mozilla Firefox\\firefox.exe" "--marionette" "--remote-debugging-port" "55449" "-no-remote" "-profile" "C:\\Users\\sydst\\AppData\\Local\\Temp\\rust_mozprofilel0PXNl"
1639087579612	Marionette	INFO	Marionette enabled
console.warn: SearchSettings: "get: No settings file exists, new profile?" (new NotFoundError("Could not open the file at C:\\Users\\sydst\\AppData\\Local\\Temp\\rust_mozprofilel0PXNl\\search.json.mozlz4", (void 0)))
DevTools listening on ws://localhost:55449/devtools/browser/b32d2d87-15c0-4c9e-84d5-d95079510009
1639087582524	Marionette	INFO	Listening on port 55458
1639087582949	RemoteAgent	WARN	TLS certificate errors will be ignored for this session
1639087583188	Marionette	INFO	Stopped listening on port 55458
console.warn: TopSitesFeed: Failed to fetch data from Contile server: NetworkError when attempting to fetch resource.
console.error: Region.jsm: "Error fetching region" (new TypeError("NetworkError when attempting to fetch resource.", ""))
console.error: Region.jsm: "Failed to fetch region" (new Error("NO_RESULT", "resource://gre/modules/Region.jsm", 419))

###!!! [Parent][MessageChannel] Error: (msgtype=0x39007A,name=PContent::Msg_DestroyBrowsingContextGroup) Closed channel: cannot send/recv

[Parent 9684, IPC I/O Parent] WARNING: file /builds/worker/checkouts/gecko/ipc/chromium/src/base/process_util_win.cc:167
1639087584164	geckodriver	INFO	Listening on 127.0.0.1:55482
1639087587218	mozrunner::runner	INFO	Running command: "C:\\Program Files\\Mozilla Firefox\\firefox.exe" "--marionette" "--remote-debugging-port" "55483" "-no-remote" "-profile" "C:\\Users\\sydst\\AppData\\Local\\Temp\\rust_mozprofilevP8XiR"
1639087587590	Marionette	INFO	Marionette enabled
console.warn: SearchSettings: "get: No settings file exists, new profile?" (new NotFoundError("Could not open the file at C:\\Users\\sydst\\AppData\\Local\\Temp\\rust_mozprofilevP8XiR\\search.json.mozlz4", (void 0)))
DevTools listening on ws://localhost:55483/devtools/browser/5a85f473-4b96-468e-9e8b-0d0de1a1fcda
1639087590341	Marionette	INFO	Listening on port 55488
1639087590401	RemoteAgent	WARN	TLS certificate errors will be ignored for this session
1639087590549	Marionette	INFO	Stopped listening on port 55488
console.error: services.settings: 
  main/query-stripping Signature failed  TypeError: NetworkError: Network request failed
1639087965039	geckodriver	INFO	Listening on 127.0.0.1:53266
1639087968090	mozrunner::runner	INFO	Running command: "C:\\Program Files\\Mozilla Firefox\\firefox.exe" "--marionette" "--remote-debugging-port" "53267" "-no-remote" "-profile" "C:\\Users\\sydst\\AppData\\Local\\Temp\\rust_mozprofile1z3Qvv"
1639087968439	Marionette	INFO	Marionette enabled
console.warn: SearchSettings: "get: No settings file exists, new profile?" (new NotFoundError("Could not open the file at C:\\Users\\sydst\\AppData\\Local\\Temp\\rust_mozprofile1z3Qvv\\search.json.mozlz4", (void 0)))
DevTools listening on ws://localhost:53267/devtools/browser/21467799-3651-4d22-8cc8-f3b267a0d227
1639087971026	Marionette	INFO	Listening on port 53272
1639087971289	RemoteAgent	WARN	TLS certificate errors will be ignored for this session
1639087981267	Marionette	INFO	Stopped listening on port 53272
console.warn: TopSitesFeed: Failed to fetch data from Contile server: NetworkError when attempting to fetch resource.
JavaScript error: chrome://remote/content/marionette/cert.js, line 55: NS_ERROR_NOT_AVAILABLE: Component returned failu1639087981605	Marionette	INFO	Marionette enabled
console.warn: SearchSettings: "get: No settings file exists, new profile?" (new NotFoundError("Could not open the file at C:\\Users\\sydst\\AppData\\Local\\Temp\\rust_mozprofilendbMUN\\search.json.mozlz4", (void 0)))
DevTools listening on ws://localhost:53334/devtools/browser/35069c13-25b3-493c-9268-f35be9f3de8d
1639087984244	Marionette	INFO	Listening on port 53339
1639087984651	RemoteAgent	WARN	TLS certificate errors will be ignored for this session
1639087993817	Marionette	INFO	Stopped listening on port 53331639087994245	mozrunner::runner	INFO	Running command: "C:\\Program Files\\Mozilla Firefox\\firefox.exe" "--marionette" "--remote-debugging-port" "57727" "-no-remote" "-profile" "C:\\Users\\sydst\\AppData\\Local\\Temp\\rust_mozprofilehCsHZZ"
1639087994613	Marionette	INFO	Marionette enabled
console.warn: SearchSettings: "get: No settings file exists, new profile?" (new NotFoundError("Could not open the file at C:\\Users\\sydst\\AppData\\Local\\Temp\\rust_mozprofilehCsHZZ\\search.json.mozlz4", (void 0)))
console.warn: SearchService: "_init: abandoning init due to shutting down"
console.warn: services.settings: main/query-stripping sync interrupted by shutdown
JavaScript error: , line 0: uncaught exception: 2147500036
JavaScript error: , line 0: uncaught exception: 2147500036
JavaScript error: , line 0: uncaught exception: 2147500036
JavaScript error: , line 0: uncaught exception: 2147500036
JavaScript error: , line 0: uncaught exception: 2147500036
JavaScript error: , line 0: uncaught exception: 2147500036
console.warn: services.settings: main/quicksuggest sync interrupted by shutdown
console.warn: services.settings: main/quicksuggest sync interrupted by shutdown
JavaScript error: resource://gre/modules/osfile/osfile_native.jsm, line 64: NS_ERROR_NOT_INITIALIZED: Component returned failure code: 0xc1f30001 (NS_ERROR_NOT_INITIALIZED) [nsINativeOSFileInternalsService.read]
JavaScript error: resource://gre/modules/CrashManager.jsm, line 828: AbortError: IOUtils: Shutting down and refusing additional I/O tasks
1639088124785	geckodriver	INFO	Listening on 127.0.0.1:55628
1639088127854	mozrunner::runner	INFO	Running command: "C:\\Program Files\\Mozilla Firefox\\firefox.exe" "--marionette" "--remote-debugging-port" "55629" "-no-remote" "-profile" "C:\\Users\\sydst\\AppData\\Local\\Temp\\rust_mozprofilecMOgdR"
1639088128215	Marionette	INFO	Marionette enabled
console.warn: SearchSettings: "get: No settings file exists, new profile?" (new NotFoundError("Could not open the file at C:\\Users\\sydst\\AppData\\Local\\Temp\\rust_mozprofilecMOgdR\\search.json.mozlz4", (void 0)))
DevTools listening on ws://localhost:55629/devtools/browser/cad1dfa8-db8b-4414-95ed-92eab2b73850
1639088130826	Marionette	INFO	Listening on port 55634
1639088131045	RemoteAgent	WARN	TLS certificate errors will be ignored for this session
1639088131426	Marionette	INFO	Stopped listening on port 55634
console.error: QuickSuggest: (new Error("Shutdown, aborting read-only worker requests.", "resource://services-settings/RemoteSettingsWorker.jsm", 143))

###!!! [Parent][RunMessage] Error: Channel closing: too late to send/recv, messages will be lost

1639088132305	geckodriver	INFO	Listening on 127.0.0.1:55687
1639088135379	mozrunner::runner	INFO	Running command: "C:\\Program Files\\Mozilla Firefox\\firefox.exe" "--marionette" "--remote-debugging-port" "55688" "-no-remote" "-profile" "C:\\Users\\sydst\\AppData\\Local\\Temp\\rust_mozprofileFJ3KsQ"
1639088135703	Marionette	INFO	Marionette enabled
console.warn: SearchSettings: "get: No settings file exists, new profile?" (new NotFoundError("Could not open the file at C:\\Users\\sydst\\AppData\\Local\\Temp\\rust_mozprofileFJ3KsQ\\search.json.mozlz4", (void 0)))
DevTools listening on ws://localhost:55688/devtools/browser/fd55560e-aeef-4c8b-be94-5ee79dc0d9b7
1639088138013	Marionette	INFO	Listening on port 55694
1639088138066	RemoteAgent	WARN	TLS certificate errors will be ignored for this session
1639088138358	Marionette	INFO	Stopped listening on port 55694
console.error: QuickSuggest: (new TypeError("NetworkError: Network request failed", "resource://services-settings/Utils.jsm", 117))

###!!! [Parent][RunMessage] Error: Channel closing: too late to send/recv, messages will be lost

1639088139179	geckodriver	INFO	Listening on 127.0.0.1:55728
1639088142243	mozrunner::runner	INFO	Running command: "C:\\Program Files\\Mozilla Firefox\\firefox.exe" "--marionette" "--remote-debugging-port" "55729" "-no-remote" "-profile" "C:\\Users\\sydst\\AppData\\Local\\Temp\\rust_mozprofiledOj5Ms"
1639088142567	Marionette	INFO	Marionette enabled
console.warn: SearchSettings: "get: No settings file exists, new profile?" (new NotFoundError("Could not open the file at C:\\Users\\sydst\\AppData\\Local\\Temp\\rust_mozprofiledOj5Ms\\search.json.mozlz4", (void 0)))
DevTools listening on ws://localhost:55729/devtools/browser/54878161-a64d-4234-9be7-8011fddad027
1639088145038	Marionette	INFO	Listening on port 55734
1639088145431	RemoteAgent	WARN	TLS certificate errors will be ignored for this session
1639088145562	Marionette	INFO	Stopped listening on port 55734
console.error: QuickSuggest: (new Error("Shutdown, aborting read-only worker requests.", "resource://services-settings/RemoteSettingsWorker.jsm", 143))
1639088146431	geckodriver	INFO	Listening on 127.0.0.1:55784
1639088149498	mozrunner::runner	INFO	Running command: "C:\\Program Files\\Mozilla Firefox\\firefox.exe" "--marionette" "--remote-debugging-port" "55785" "-no-remote" "-profile" "C:\\Users\\sydst\\AppData\\Local\\Temp\\rust_mozprofilejnLCV5"
1639088149826	Marionette	INFO	Marionette enabled
console.warn: SearchSettings: "get: No settings file exists, new profile?" (new NotFoundError("Could not open the file at C:\\Users\\sydst\\AppData\\Local\\Temp\\rust_mozprofilejnLCV5\\search.json.mozlz4", (void 0)))
DevTools listening on ws://localhost:55785/devtools/browser/65d5cfb6-85ea-44ab-9556-3ff986d7e60c
1639088152378	Marionette	INFO	Listening on port 55790
1639088152680	RemoteAgent	WARN	TLS certificate errors will be ignored for this session
1639088152856	Marionette	INFO	Stopped listening on port 55790
console.error: QuickSuggest: (new Error("Shutdown, aborting read-only worker requests.", "resource://services-settings/RemoteSettingsWorker.jsm", 143))
1639617413140	geckodriver	INFO	Listening on 127.0.0.1:52568
1639617416190	mozrunner::runner	INFO	Running command: "C:\\Program Files\\Mozilla Firefox\\firefox.exe" "--marionette" "--remote-debugging-port" "52569" "-no-remote" "-profile" "C:\\Users\\sydst\\AppData\\Local\\Temp\\rust_mozprofile9IJ8yd"
1639617416886	Marionette	INFO	Marionette enabled
console.warn: SearchSettings: "get: No settings file exists, new profile?" (new NotFoundError("Could not open the file at C:\\Users\\sydst\\AppData\\Local\\Temp\\rust_mozprofile9IJ8yd\\search.json.mozlz4", (void 0)))
DevTools listening on ws://localhost:52569/devtools/browser/901fe459-a9cd-4db8-b82a-56c395fa13f6
1639617419897	Marionette	INFO	Listening on port 64881
1639617420841	RemoteAgent	WARN	TLS certificate errors will be ignored for this session
1639617423396	Marionette	INFO	Stopped listening on port 64881
[Parent 1304, IPC I/O Parent] WARNING: file /builds/worker/checkouts/gecko/ipc/chromium/src/base/process_util_win.cc:167
[Parent 1304, IPC I/O Parent] WARNING: file /builds/worker/checkouts/gecko/ipc/chromium/src/base/process_util_win.cc:167
console.error: QuickSuggest: (new TypeError("NetworkError: Network request failed", "resource://services-settings/Utils.jsm", 117))
1639617425478	geckodriver	INFO	Listening on 127.0.0.1:64932
1639617428524	mozrunner::runner	INFO	Running command: "C:\\Program Files\\Mozilla Firefox\\firefox.exe" "--marionette" "--remote-debugging-port" "64933" "-no-remote" "-profile" "C:\\Users\\sydst\\AppData\\Local\\Temp\\rust_mozprofileMO2vZj"
1639617428878	Marionette	INFO	Marionette enabled
console.warn: SearchSettings: "get: No settings file exists, new profile?" (new NotFoundError("Could not open the file at C:\\Users\\sydst\\AppData\\Local\\Temp\\rust_mozprofileMO2vZj\\search.json.mozlz4", (void 0)))
DevTools listening on ws://localhost:64933/devtools/browser/d0959caf-6e18-4338-9894-35441d4edc10
1639617431376	Marionette	INFO	Listening on port 64938
1639617431708	RemoteAgent	WARN	TLS certificate errors will be ignored for this session
1639617432128	Marionette	INFO	Stopped listening on port 64938
console.error: QuickSuggest: (new Error("Shutdown, aborting read-only worker requests.", "resource://services-settings/RemoteSettingsWorker.jsm", 143))

###!!! [Parent][RunMessage] Error: Channel closing: too late to send/recv, messages will be lost

1639617433059	geckodriver	INFO	Listening on 127.0.0.1:54702
1639617436111	mozrunner::runner	INFO	Running command: "C:\\Program Files\\Mozilla Firefox\\firefox.exe" "--marionette" "--remote-debugging-port" "54703" "-no-remote" "-profile" "C:\\Users\\sydst\\AppData\\Local\\Temp\\rust_mozprofileKZVXEw"
1639617436450	Marionette	INFO	Marionette enabled
console.warn: SearchSettings: "get: No settings file exists, new profile?" (new NotFoundError("Could not open the file at C:\\Users\\sydst\\AppData\\Local\\Temp\\rust_mozprofileKZVXEw\\search.json.mozlz4", (void 0)))
DevTools listening on ws://localhost:54703/devtools/browser/052f7a3d-7b37-4a24-8826-16336e777bf3
1639617438872	Marionette	INFO	Listening on port 54708
1639617439310	RemoteAgent	WARN	TLS certificate errors will be ignored for this session
1639617439924	Marionette	INFO	Stopped listening on port 54708
[Parent 12580, IPC I/O Parent] WARNING: file /builds/worker/checkouts/gecko/ipc/chromium/src/base/process_util_win.cc:167
console.error: QuickSuggest: (new TypeError("NetworkError: Network request failed", "resource://services-settings/Utils.jsm", 117))

###!!! [Parent][RunMessage] Error: Channel closing: too late to send/recv, messages will be lost

1639617440858	geckodriver	INFO	Listening on 127.0.0.1:54755
1639617443908	mozrunner::runner	INFO	Running command: "C:\\Program Files\\Mozilla Firefox\\firefox.exe" "--marionette" "--remote-debugging-port" "54756" "-no-remote" "-profile" "C:\\Users\\sydst\\AppData\\Local\\Temp\\rust_mozprofileZukPj4"
1639617444230	Marionette	INFO	Marionette enabled
console.warn: SearchSettings: "get: No settings file exists, new profile?" (new NotFoundError("Could not open the file at C:\\Users\\sydst\\AppData\\Local\\Temp\\rust_mozprofileZukPj4\\search.json.mozlz4", (void 0)))
DevTools listening on ws://localhost:54756/devtools/browser/7e4e26a6-cf63-442a-ab39-e7d480ccf460
1639617446756	Marionette	INFO	Listening on port 54761
1639617447107	RemoteAgent	WARN	TLS certificate errors will be ignored for this session
1639617447410	Marionette	INFO	Stopped listening on port 54761
console.error: QuickSuggest: (new Error("Shutdown, aborting read-only worker requests.", "resource://services-settings/RemoteSettingsWorker.jsm", 143))
[Parent 6332, IPC I/O Parent] WARNING: pipe error: 232: file /builds/worker/checkouts/gecko/ipc/chromium/src/chrome/common/ipc_channel_win.cc:542

###!!! [Parent][RunMessage] Error: Channel closing: too late to send/recv, messages will be lost

1639617448349	geckodriver	INFO	Listening on 127.0.0.1:54804
1639617451418	mozrunner::runner	INFO	Running command: "C:\\Program Files\\Mozilla Firefox\\firefox.exe" "--marionette" "--remote-debugging-port" "54805" "-no-remote" "-profile" "C:\\Users\\sydst\\AppData\\Local\\Temp\\rust_mozprofileXVZvsy"
1639617451738	Marionette	INFO	Marionette enabled
console.warn: SearchSettings: "get: No settings file exists, new profile?" (new NotFoundError("Could not open the file at C:\\Users\\sydst\\AppData\\Local\\Temp\\rust_mozprofileXVZvsy\\search.json.mozlz4", (void 0)))
DevTools listening on ws://localhost:54805/devtools/browser/8866b94a-47de-437a-8161-74370d0b138b
1639617454184	Marionette	INFO	Listening on port 54810
1639617454603	RemoteAgent	WARN	TLS certificate errors will be ignored for this session
1639617454910	Marionette	INFO	Stopped listening on port 54810
console.error: QuickSuggest: (new TypeError("NetworkError: Network request failed", "resource://services-settings/Utils.jsm", 117))
1639617588404	geckodriver	INFO	Listening on 127.0.0.1:54867
1639617591488	mozrunner::runner	INFO	Running command: "C:\\Program Files\\Mozilla Firefox\\firefox.exe" "--marionette" "--remote-debugging-port" "54868" "-no-remote" "-profile" "C:\\Users\\sydst\\AppData\\Local\\Temp\\rust_mozprofilej0UShD"
1639617591804	Marionette	INFO	Marionette enabled
console.warn: SearchSettings: "get: No settings file exists, new profile?" (new NotFoundError("Could not open the file at C:\\Users\\sydst\\AppData\\Local\\Temp\\rust_mozprofilej0UShD\\search.json.mozlz4", (void 0)))
DevTools listening on ws://localhost:54868/devtools/browser/11415398-2533-448c-9392-e2f8e26b21c4
1639617594062	Marionette	INFO	Listening on port 54873
1639617594171	RemoteAgent	WARN	TLS certificate errors will be ignored for this session
1639617594470	Marionette	INFO	Stopped listening on port 54873
console.error: QuickSuggest: (new TypeError("NetworkError: Network request failed", "resource://services-settings/Utils.jsm", 117))
1639617595339	geckodriver	INFO	Listening on 127.0.0.1:54909
1639617598392	mozrunner::runner	INFO	Running command: "C:\\Program Files\\Mozilla Firefox\\firefox.exe" "--marionette" "--remote-debugging-port" "54910" "-no-remote" "-profile" "C:\\Users\\sydst\\AppData\\Local\\Temp\\rust_mozprofileWo84vZ"
1639617598704	Marionette	INFO	Marionette enabled
console.warn: SearchSettings: "get: No settings file exists, new profile?" (new NotFoundError("Could not open the file at C:\\Users\\sydst\\AppData\\Local\\Temp\\rust_mozprofileWo84vZ\\search.json.mozlz4", (void 0)))
DevTools listening on ws://localhost:54910/devtools/browser/e5b12a88-7834-4e99-8565-6590f0bc1b48
1639617601159	Marionette	INFO	Listening on port 54916
1639617601573	RemoteAgent	WARN	TLS certificate errors will be ignored for this session
1639617602521	Marionette	INFO	Stopped listening on port 54916
console.error: QuickSuggest: (new TypeError("NetworkError: Network request failed", "resource://services-settings/Utils.jsm", 117))
JavaScript error: resource://gre/modules/Sqlite.jsm, line 1059: Error: Sqlite.jsm has been shutdown. Cannot open connection to: C:\Users\sydst\AppData\Local\Temp\rust_mozprofileWo84vZ\protections.sqlite

###!!! [Parent][RunMessage] Error: Channel closing: too late to send/recv, messages will be lost

1639617603811	geckodriver	INFO	Listening on 127.0.0.1:54969
1639617606860	mozrunner::runner	INFO	Running command: "C:\\Program Files\\Mozilla Firefox\\firefox.exe" "--marionette" "--remote-debugging-port" "54970" "-no-remote" "-profile" "C:\\Users\\sydst\\AppData\\Local\\Temp\\rust_mozprofile1tnBxx"
1639617607168	Marionette	INFO	Marionette enabled
console.warn: SearchSettings: "get: No settings file exists, new profile?" (new NotFoundError("Could not open the file at C:\\Users\\sydst\\AppData\\Local\\Temp\\rust_mozprofile1tnBxx\\search.json.mozlz4", (void 0)))
DevTools listening on ws://localhost:54970/devtools/browser/3967e5cf-687e-4e52-b4be-71a218c0be27
1639617609729	Marionette	INFO	Listening on port 54975
1639617610035	RemoteAgent	WARN	TLS certificate errors will be ignored for this session
1639617610470	Marionette	INFO	Stopped listening on port 54975
console.error: QuickSuggest: (new Error("Shutdown, aborting read-only worker requests.", "resource://services-settings/RemoteSettingsWorker.jsm", 143))

###!!! [Parent][RunMessage] Error: Channel closing: too late to send/recv, messages will be lost

1639617611409	geckodriver	INFO	Listening on 127.0.0.1:55026
1639617614473	mozrunner::runner	INFO	Running command: "C:\\Program Files\\Mozilla Firefox\\firefox.exe" "--marionette" "--remote-debugging-port" "55027" "-no-remote" "-profile" "C:\\Users\\sydst\\AppData\\Local\\Temp\\rust_mozprofileh5kRl4"
1639617614795	Marionette	INFO	Marionette enabled
console.warn: SearchSettings: "get: No settings file exists, new profile?" (new NotFoundError("Could not open the file at C:\\Users\\sydst\\AppData\\Local\\Temp\\rust_mozprofileh5kRl4\\search.json.mozlz4", (void 0)))
DevTools listening on ws://localhost:55027/devtools/browser/d26d8ec8-2cc1-4ee0-919b-64ec5928547f
1639617617283	Marionette	INFO	Listening on port 55032
1639617617668	RemoteAgent	WARN	TLS certificate errors will be ignored for this session
1639617618130	Marionette	INFO	Stopped listening on port 55032
console.error: QuickSuggest: (new TypeError("NetworkError: Network request failed", "resource://services-settings/Utils.jsm", 117))
1639617619255	geckodriver	INFO	Listening on 127.0.0.1:55081
1639617622300	mozrunner::runner	INFO	Running command: "C:\\Program Files\\Mozilla Firefox\\firefox.exe" "--marionette" "--remote-debugging-port" "55082" "-no-remote" "-profile" "C:\\Users\\sydst\\AppData\\Local\\Temp\\rust_mozprofileJm26tJ"
1639617622661	Marionette	INFO	Marionette enabled
console.warn: SearchSettings: "get: No settings file exists, new profile?" (new NotFoundError("Could not open the file at C:\\Users\\sydst\\AppData\\Local\\Temp\\rust_mozprofileJm26tJ\\search.json.mozlz4", (void 0)))
DevTools listening on ws://localhost:55082/devtools/browser/7d6226da-d6cd-49cd-847a-c6b8dc53a563
1639617625050	Marionette	INFO	Listening on port 55089
1639617625500	RemoteAgent	WARN	TLS certificate errors will be ignored for this session
1639617625976	Marionette	INFO	Stopped listening on port 55089
console.error: QuickSuggest: (new TypeError("NetworkError: Network request failed", "resource://services-settings/Utils.jsm", 117))
1639618574360	geckodriver	INFO	Listening on 127.0.0.1:59259
1639618577428	mozrunner::runner	INFO	Running command: "C:\\Program Files\\Mozilla Firefox\\firefox.exe" "--marionette" "--remote-debugging-port" "59260" "-no-remote" "-profile" "C:\\Users\\sydst\\AppData\\Local\\Temp\\rust_mozprofileamOz5h"
1639618577777	Marionette	INFO	Marionette enabled
console.warn: SearchSettings: "get: No settings file exists, new profile?" (new NotFoundError("Could not open the file at C:\\Users\\sydst\\AppData\\Local\\Temp\\rust_mozprofileamOz5h\\search.json.mozlz4", (void 0)))
DevTools listening on ws://localhost:59260/devtools/browser/2d63083f-b86a-4223-8e9b-8b1a9d6e3b64
1639618580221	Marionette	INFO	Listening on port 59266
1639618580623	RemoteAgent	WARN	TLS certificate errors will be ignored for this session
1639618581014	Marionette	INFO	Stopped listening on port 59266
[Parent 2596, IPC I/O Parent] WARNING: file /builds/worker/checkouts/gecko/ipc/chromium/src/base/process_util_win.cc:167
console.error: QuickSuggest: (new TypeError("NetworkError: Network request failed", "resource://services-settings/Utils.jsm", 117))

###!!! [Parent][RunMessage] Error: Channel closing: too late to send/recv, messages will be lost

1639618581953	geckodriver	INFO	Listening on 127.0.0.1:59319
1639618584999	mozrunner::runner	INFO	Running command: "C:\\Program Files\\Mozilla Firefox\\firefox.exe" "--marionette" "--remote-debugging-port" "59320" "-no-remote" "-profile" "C:\\Users\\sydst\\AppData\\Local\\Temp\\rust_mozprofile3fzyq2"
1639618585351	Marionette	INFO	Marionette enabled
console.warn: SearchSettings: "get: No settings file exists, new profile?" (new NotFoundError("Could not open the file at C:\\Users\\sydst\\AppData\\Local\\Temp\\rust_mozprofile3fzyq2\\search.json.mozlz4", (void 0)))
DevTools listening on ws://localhost:59320/devtools/browser/e449522b-dab5-4cd0-a7bf-abd836e1b7f3
1639618587624	Marionette	INFO	Listening on port 59325
1639618587673	RemoteAgent	WARN	TLS certificate errors will be ignored for this session
1639618587982	Marionette	INFO	Stopped listening on port 59325
console.error: QuickSuggest: (new Error("Shutdown, aborting read-only worker requests.", "resource://services-settings/RemoteSettingsWorker.jsm", 143))
1639618588825	geckodriver	INFO	Listening on 127.0.0.1:59366
1639618591892	mozrunner::runner	INFO	Running command: "C:\\Program Files\\Mozilla Firefox\\firefox.exe" "--marionette" "--remote-debugging-port" "59367" "-no-remote" "-profile" "C:\\Users\\sydst\\AppData\\Local\\Temp\\rust_mozprofileFhaLiS"
1639618592252	Marionette	INFO	Marionette enabled
console.warn: SearchSettings: "get: No settings file exists, new profile?" (new NotFoundError("Could not open the file at C:\\Users\\sydst\\AppData\\Local\\Temp\\rust_mozprofileFhaLiS\\search.json.mozlz4", (void 0)))
DevTools listening on ws://localhost:59367/devtools/browser/bbfb8ddc-9d0f-46ce-b69a-dd7aef94dc84
1639618594734	Marionette	INFO	Listening on port 59372
1639618595083	RemoteAgent	WARN	TLS certificate errors will be ignored for this session
1639618595459	Marionette	INFO	Stopped listening on port 59372
console.error: QuickSuggest: (new Error("Shutdown, aborting read-only worker requests.", "resource://services-settings/RemoteSettingsWorker.jsm", 143))
1639618596425	geckodriver	INFO	Listening on 127.0.0.1:59425
1639618599457	mozrunner::runner	INFO	Running command: "C:\\Program Files\\Mozilla Firefox\\firefox.exe" "--marionette" "--remote-debugging-port" "59426" "-no-remote" "-profile" "C:\\Users\\sydst\\AppData\\Local\\Temp\\rust_mozprofileUTmvBb"
1639618599791	Marionette	INFO	Marionette enabled
console.warn: SearchSettings: "get: No settings file exists, new profile?" (new NotFoundError("Could not open the file at C:\\Users\\sydst\\AppData\\Local\\Temp\\rust_mozprofileUTmvBb\\search.json.mozlz4", (void 0)))
DevTools listening on ws://localhost:59426/devtools/browser/7e19d61f-8e39-4f06-a82a-90a38445d493
1639618602292	Marionette	INFO	Listening on port 59431
1639618602643	RemoteAgent	WARN	TLS certificate errors will be ignored for this session
1639618602999	Marionette	INFO	Stopped listening on port 59431
console.error: QuickSuggest: (new Error("Shutdown, aborting read-only worker requests.", "resource://services-settings/RemoteSettingsWorker.jsm", 143))

###!!! [Parent][RunMessage] Error: Channel closing: too late to send/recv, messages will be lost

1639618603931	geckodriver	INFO	Listening on 127.0.0.1:59482
1639618607004	mozrunner::runner	INFO	Running command: "C:\\Program Files\\Mozilla Firefox\\firefox.exe" "--marionette" "--remote-debugging-port" "59483" "-no-remote" "-profile" "C:\\Users\\sydst\\AppData\\Local\\Temp\\rust_mozprofilePIaGkR"
1639618607362	Marionette	INFO	Marionette enabled
console.warn: SearchSettings: "get: No settings file exists, new profile?" (new NotFoundError("Could not open the file at C:\\Users\\sydst\\AppData\\Local\\Temp\\rust_mozprofilePIaGkR\\search.json.mozlz4", (void 0)))
DevTools listening on ws://localhost:59483/devtools/browser/e9e2bc51-015f-47ef-b9b2-9461afe9f418
1639618609806	Marionette	INFO	Listening on port 59488
1639618610177	RemoteAgent	WARN	TLS certificate errors will be ignored for this session
1639618610476	Marionette	INFO	Stopped listening on port 59488
console.error: QuickSuggest: (new Error("Shutdown, aborting read-only worker requests.", "resource://services-settings/RemoteSettingsWorker.jsm", 143))

###!!! [Parent][RunMessage] Error: Channel closing: too late to send/recv, messages will be lost

1639618806232	geckodriver	INFO	Listening on 127.0.0.1:53951
1639618809284	mozrunner::runner	INFO	Running command: "C:\\Program Files\\Mozilla Firefox\\firefox.exe" "--marionette" "--remote-debugging-port" "53952" "-no-remote" "-profile" "C:\\Users\\sydst\\AppData\\Local\\Temp\\rust_mozprofileMDiRTn"
1639618809733	Marionette	INFO	Marionette enabled
console.warn: SearchSettings: "get: No settings file exists, new profile?" (new NotFoundError("Could not open the file at C:\\Users\\sydst\\AppData\\Local\\Temp\\rust_mozprofileMDiRTn\\search.json.mozlz4", (void 0)))
DevTools listening on ws://localhost:53952/devtools/browser/2ca7c30f-cb5c-486c-81c7-e83471f85842
1639618812785	Marionette	INFO	Listening on port 53961
1639618812999	RemoteAgent	WARN	TLS certificate errors will be ignored for this session
1639618813393	Marionette	INFO	Stopped listening on port 53961
console.error: QuickSuggest: (new Error("Shutdown, aborting read-only worker requests.", "resource://services-settings/RemoteSettingsWorker.jsm", 143))

###!!! [Parent][RunMessage] Error: Channel closing: too late to send/recv, messages will be lost

1639618814533	geckodriver	INFO	Listening on 127.0.0.1:51364
1639618817590	mozrunner::runner	INFO	Running command: "C:\\Program Files\\Mozilla Firefox\\firefox.exe" "--marionette" "--remote-debugging-port" "51365" "-no-remote" "-profile" "C:\\Users\\sydst\\AppData\\Local\\Temp\\rust_mozprofileBw8Qq2"
1639618817989	Marionette	INFO	Marionette enabled
console.warn: SearchSettings: "get: No settings file exists, new profile?" (new NotFoundError("Could not open the file at C:\\Users\\sydst\\AppData\\Local\\Temp\\rust_mozprofileBw8Qq2\\search.json.mozlz4", (void 0)))
DevTools listening on ws://localhost:51365/devtools/browser/b33771ea-abe2-4245-81ae-d53521510764
1639618820700	Marionette	INFO	Listening on port 51371
1639618820790	RemoteAgent	WARN	TLS certificate errors will be ignored for this session
1639618821132	Marionette	INFO	Stopped listening on port 51371
1639618822257	geckodriver	INFO	Listening on 127.0.0.1:58403
1639618825332	mozrunner::runner	INFO	Running command: "C:\\Program Files\\Mozilla Firefox\\firefox.exe" "--marionette" "--remote-debugging-port" "58404" "-no-remote" "-profile" "C:\\Users\\sydst\\AppData\\Local\\Temp\\rust_mozprofilekHz0TQ"
1639618825704	Marionette	INFO	Marionette enabled
console.warn: SearchSettings: "get: No settings file exists, new profile?" (new NotFoundError("Could not open the file at C:\\Users\\sydst\\AppData\\Local\\Temp\\rust_mozprofilekHz0TQ\\search.json.mozlz4", (void 0)))
DevTools listening on ws://localhost:58404/devtools/browser/7db83882-1350-4844-96f5-7c093379185f
1639618828390	Marionette	INFO	Listening on port 58411
1639618828525	RemoteAgent	WARN	TLS certificate errors will be ignored for this session
1639618828953	Marionette	INFO	Stopped listening on port 58411
console.error: QuickSuggest: (new Error("Shutdown, aborting read-only worker requests.", "resource://services-settings/RemoteSettingsWorker.jsm", 143))

###!!! [Parent][RunMessage] Error: Channel closing: too late to send/recv, messages will be lost

1639618830247	geckodriver	INFO	Listening on 127.0.0.1:51273
1639618833302	mozrunner::runner	INFO	Running command: "C:\\Program Files\\Mozilla Firefox\\firefox.exe" "--marionette" "--remote-debugging-port" "51274" "-no-remote" "-profile" "C:\\Users\\sydst\\AppData\\Local\\Temp\\rust_mozprofileEfHfke"
1639618833701	Marionette	INFO	Marionette enabled
console.warn: SearchSettings: "get: No settings file exists, new profile?" (new NotFoundError("Could not open the file at C:\\Users\\sydst\\AppData\\Local\\Temp\\rust_mozprofileEfHfke\\search.json.mozlz4", (void 0)))
DevTools listening on ws://localhost:51274/devtools/browser/564653ea-605d-49ab-acf8-f84c7f97baa3
1639618836057	Marionette	INFO	Listening on port 51279
1639618836488	RemoteAgent	WARN	TLS certificate errors will be ignored for this session
1639618836811	Marionette	INFO	Stopped listening on port 51279
console.error: QuickSuggest: (new Error("Shutdown, aborting read-only worker requests.", "resource://services-settings/RemoteSettingsWorker.jsm", 143))
1639618837839	geckodriver	INFO	Listening on 127.0.0.1:53620
1639618840900	mozrunner::runner	INFO	Running command: "C:\\Program Files\\Mozilla Firefox\\firefox.exe" "--marionette" "--remote-debugging-port" "53621" "-no-remote" "-profile" "C:\\Users\\sydst\\AppData\\Local\\Temp\\rust_mozprofilemkJAna"
1639618841310	Marionette	INFO	Marionette enabled
console.warn: SearchSettings: "get: No settings file exists, new profile?" (new NotFoundError("Could not open the file at C:\\Users\\sydst\\AppData\\Local\\Temp\\rust_mozprofilemkJAna\\search.json.mozlz4", (void 0)))
DevTools listening on ws://localhost:53621/devtools/browser/7d51af0f-cb17-4998-a81b-d5c805195082
1639618844069	Marionette	INFO	Listening on port 53628
1639618844588	RemoteAgent	WARN	TLS certificate errors will be ignored for this session
1639618844992	Marionette	INFO	Stopped listening on port 53628
console.error: QuickSuggest: (new TypeError("NetworkError: Network request failed", "resource://services-settings/Utils.jsm", 117))
1639618909162	geckodriver	INFO	Listening on 127.0.0.1:53688
1639618912238	mozrunner::runner	INFO	Running command: "C:\\Program Files\\Mozilla Firefox\\firefox.exe" "--marionette" "--remote-debugging-port" "53689" "-no-remote" "-profile" "C:\\Users\\sydst\\AppData\\Local\\Temp\\rust_mozprofiles7auMx"
1639618912598	Marionette	INFO	Marionette enabled
console.warn: SearchSettings: "get: No settings file exists, new profile?" (new NotFoundError("Could not open the file at C:\\Users\\sydst\\AppData\\Local\\Temp\\rust_mozprofiles7auMx\\search.json.mozlz4", (void 0)))
DevTools listening on ws://localhost:53689/devtools/browser/f72764ee-d161-4aa8-9265-2321b178d54f
1639618915385	Marionette	INFO	Listening on port 53695
1639618915423	RemoteAgent	WARN	TLS certificate errors will be ignored for this session
1639618916136	Marionette	INFO	Stopped listening on port 53695
console.error: QuickSuggest: (new Error("Shutdown, aborting read-only worker requests.", "resource://services-settings/RemoteSettingsWorker.jsm", 143))

###!!! [Parent][RunMessage] Error: Channel closing: too late to send/recv, messages will be lost

1639618917310	geckodriver	INFO	Listening on 127.0.0.1:53750
1639618920373	mozrunner::runner	INFO	Running command: "C:\\Program Files\\Mozilla Firefox\\firefox.exe" "--marionette" "--remote-debugging-port" "53751" "-no-remote" "-profile" "C:\\Users\\sydst\\AppData\\Local\\Temp\\rust_mozprofileKkXCUd"
1639618920759	Marionette	INFO	Marionette enabled
console.warn: SearchSettings: "get: No settings file exists, new profile?" (new NotFoundError("Could not open the file at C:\\Users\\sydst\\AppData\\Local\\Temp\\rust_mozprofileKkXCUd\\search.json.mozlz4", (void 0)))
DevTools listening on ws://localhost:53751/devtools/browser/28cebd2c-1b79-406e-9635-fbfdf02ffd13
1639618923370	Marionette	INFO	Listening on port 53758
1639618923570	RemoteAgent	WARN	TLS certificate errors will be ignored for this session
1639618924141	Marionette	INFO	Stopped listening on port 53758
console.error: QuickSuggest: (new Error("Shutdown, aborting read-only worker requests.", "resource://services-settings/RemoteSettingsWorker.jsm", 143))

###!!! [Parent][RunMessage] Error: Channel closing: too late to send/recv, messages will be lost

1639618925124	geckodriver	INFO	Listening on 127.0.0.1:53815
1639618928197	mozrunner::runner	INFO	Running command: "C:\\Program Files\\Mozilla Firefox\\firefox.exe" "--marionette" "--remote-debugging-port" "53816" "-no-remote" "-profile" "C:\\Users\\sydst\\AppData\\Local\\Temp\\rust_mozprofile68CRHO"
1639618928543	Marionette	INFO	Marionette enabled
console.warn: SearchSettings: "get: No settings file exists, new profile?" (new NotFoundError("Could not open the file at C:\\Users\\sydst\\AppData\\Local\\Temp\\rust_mozprofile68CRHO\\search.json.mozlz4", (void 0)))
DevTools listening on ws://localhost:53816/devtools/browser/352f9cd1-ecf2-4ee8-9891-046080b97a8d
1639618930909	Marionette	INFO	Listening on port 53823
1639618931383	RemoteAgent	WARN	TLS certificate errors will be ignored for this session
1639618931775	Marionette	INFO	Stopped listening on port 53823
console.error: QuickSuggest: (new Error("Shutdown, aborting read-only worker requests.", "resource://services-settings/RemoteSettingsWorker.jsm", 143))
1639618932874	geckodriver	INFO	Listening on 127.0.0.1:53872
1639618935934	mozrunner::runner	INFO	Running command: "C:\\Program Files\\Mozilla Firefox\\firefox.exe" "--marionette" "--remote-debugging-port" "53873" "-no-remote" "-profile" "C:\\Users\\sydst\\AppData\\Local\\Temp\\rust_mozprofileOvzbqR"
1639618936314	Marionette	INFO	Marionette enabled
console.warn: SearchSettings: "get: No settings file exists, new profile?" (new NotFoundError("Could not open the file at C:\\Users\\sydst\\AppData\\Local\\Temp\\rust_mozprofileOvzbqR\\search.json.mozlz4", (void 0)))
DevTools listening on ws://localhost:53873/devtools/browser/a62644cb-0193-4975-bf52-a5e65d66237c
1639618938921	Marionette	INFO	Listening on port 63714
1639618939115	RemoteAgent	WARN	TLS certificate errors will be ignored for this session
1639618939472	Marionette	INFO	Stopped listening on port 63714
console.error: services.settings: 
  main/quicksuggest Signature failed  TypeError: NetworkError: Network request failed

###!!! [Parent][RunMessage] Error: Channel closing: too late to send/recv, messages will be lost

1639618940475	geckodriver	INFO	Listening on 127.0.0.1:63749
1639618943517	mozrunner::runner	INFO	Running command: "C:\\Program Files\\Mozilla Firefox\\firefox.exe" "--marionette" "--remote-debugging-port" "63750" "-no-remote" "-profile" "C:\\Users\\sydst\\AppData\\Local\\Temp\\rust_mozprofileZdivBe"
1639618943943	Marionette	INFO	Marionette enabled
console.warn: SearchSettings: "get: No settings file exists, new profile?" (new NotFoundError("Could not open the file at C:\\Users\\sydst\\AppData\\Local\\Temp\\rust_mozprofileZdivBe\\search.json.mozlz4", (void 0)))
DevTools listening on ws://localhost:63750/devtools/browser/dc6f7ca9-0cb7-4271-8c4a-a382780c512f
1639618946598	Marionette	INFO	Listening on port 63755
1639618946709	RemoteAgent	WARN	TLS certificate errors will be ignored for this session
1639618947152	Marionette	INFO	Stopped listening on port 63755
1639619158244	geckodriver	INFO	Listening on 127.0.0.1:59014
1639619161284	mozrunner::runner	INFO	Running command: "C:\\Program Files\\Mozilla Firefox\\firefox.exe" "--marionette" "--remote-debugging-port" "59015" "-no-remote" "-profile" "C:\\Users\\sydst\\AppData\\Local\\Temp\\rust_mozprofile7xQHld"
1639619161604	Marionette	INFO	Marionette enabled
console.warn: SearchSettings: "get: No settings file exists, new profile?" (new NotFoundError("Could not open the file at C:\\Users\\sydst\\AppData\\Local\\Temp\\rust_mozprofile7xQHld\\search.json.mozlz4", (void 0)))
DevTools listening on ws://localhost:59015/devtools/browser/a4392ec4-9d70-4e60-abb3-a22b73babd0b
1639619163952	Marionette	INFO	Listening on port 59022
1639619164473	RemoteAgent	WARN	TLS certificate errors will be ignored for this session
1639619165104	Marionette	INFO	Stopped listening on port 59022
[Parent 9176, IPC I/O Parent] WARNING: file /builds/worker/checkouts/gecko/ipc/chromium/src/base/process_util_win.cc:167
console.error: QuickSuggest: (new TypeError("NetworkError: Network request failed", "resource://services-settings/Utils.jsm", 117))

###!!! [Parent][RunMessage] Error: Channel closing: too late to send/recv, messages will be lost

1639619166084	geckodriver	INFO	Listening on 127.0.0.1:59077
1639619169136	mozrunner::runner	INFO	Running command: "C:\\Program Files\\Mozilla Firefox\\firefox.exe" "--marionette" "--remote-debugging-port" "59078" "-no-remote" "-profile" "C:\\Users\\sydst\\AppData\\Local\\Temp\\rust_mozprofileDe79JP"
1639619169794	Marionette	INFO	Marionette enabled
console.warn: SearchSettings: "get: No settings file exists, new profile?" (new NotFoundError("Could not open the file at C:\\Users\\sydst\\AppData\\Local\\Temp\\rust_mozprofileDe79JP\\search.json.mozlz4", (void 0)))
DevTools listening on ws://localhost:59078/devtools/browser/37fd7e10-3810-472c-9ce6-40be495f939d
1639619172719	Marionette	INFO	Listening on port 51601
1639619172823	RemoteAgent	WARN	TLS certificate errors will be ignored for this session
1639619173445	Marionette	INFO	Stopped listening on port 51601
console.error: QuickSuggest: (new Error("Shutdown, aborting read-only worker requests.", "resource://services-settings/RemoteSettingsWorker.jsm", 143))

###!!! [Parent][RunMessage] Error: Channel closing: too late to send/recv, messages will be lost

1639619174512	geckodriver	INFO	Listening on 127.0.0.1:51658
1639619177565	mozrunner::runner	INFO	Running command: "C:\\Program Files\\Mozilla Firefox\\firefox.exe" "--marionette" "--remote-debugging-port" "51659" "-no-remote" "-profile" "C:\\Users\\sydst\\AppData\\Local\\Temp\\rust_mozprofileXWl69Q"
1639619177945	Marionette	INFO	Marionette enabled
console.warn: SearchSettings: "get: No settings file exists, new profile?" (new NotFoundError("Could not open the file at C:\\Users\\sydst\\AppData\\Local\\Temp\\rust_mozprofileXWl69Q\\search.json.mozlz4", (void 0)))
DevTools listening on ws://localhost:51659/devtools/browser/6a1c2ca9-76c4-4f48-8705-fc43fa2e5ce2
1639619181049	Marionette	INFO	Listening on port 51666
1639619181244	RemoteAgent	WARN	TLS certificate errors will be ignored for this session
1639619181744	Marionette	INFO	Stopped listening on port 51666
console.error: QuickSuggest: (new Error("Shutdown, aborting read-only worker requests.", "resource://services-settings/RemoteSettingsWorker.jsm", 143))

###!!! [Parent][RunMessage] Error: Channel closing: too late to send/recv, messages will be lost

1639619182782	geckodriver	INFO	Listening on 127.0.0.1:64564
1639619185860	mozrunner::runner	INFO	Running command: "C:\\Program Files\\Mozilla Firefox\\firefox.exe" "--marionette" "--remote-debugging-port" "64565" "-no-remote" "-profile" "C:\\Users\\sydst\\AppData\\Local\\Temp\\rust_mozprofileV6Upae"
1639619186282	Marionette	INFO	Marionette enabled
console.warn: SearchSettings: "get: No settings file exists, new profile?" (new NotFoundError("Could not open the file at C:\\Users\\sydst\\AppData\\Local\\Temp\\rust_mozprofileV6Upae\\search.json.mozlz4", (void 0)))
DevTools listening on ws://localhost:64565/devtools/browser/edde3318-2523-4961-8e76-8a5a130fb657
1639619189066	Marionette	INFO	Listening on port 64570
1639619189563	RemoteAgent	WARN	TLS certificate errors will be ignored for this session
1639619190126	Marionette	INFO	Stopped listening on port 64570
[Parent 16648, IPC I/O Parent] WARNING: file /builds/worker/checkouts/gecko/ipc/chromium/src/base/process_util_win.cc:167
console.error: QuickSuggest: (new TypeError("NetworkError: Network request failed", "resource://services-settings/Utils.jsm", 117))
1639619332058	geckodriver	INFO	Listening on 127.0.0.1:63782
1639619335112	mozrunner::runner	INFO	Running command: "C:\\Program Files\\Mozilla Firefox\\firefox.exe" "--marionette" "--remote-debugging-port" "63783" "-no-remote" "-profile" "C:\\Users\\sydst\\AppData\\Local\\Temp\\rust_mozprofilevAaUHN"
1639619335447	Marionette	INFO	Marionette enabled
console.warn: SearchSettings: "get: No settings file exists, new profile?" (new NotFoundError("Could not open the file at C:\\Users\\sydst\\AppData\\Local\\Temp\\rust_mozprofilevAaUHN\\search.json.mozlz4", (void 0)))
DevTools listening on ws://localhost:63783/devtools/browser/49943d28-3e1a-43bd-8170-37fe884b4dab
1639619338064	Marionette	INFO	Listening on port 63788
1639619338293	RemoteAgent	WARN	TLS certificate errors will be ignored for this session
1639619338858	Marionette	INFO	Stopped listening on port 63788
console.error: QuickSuggest: (new Error("Shutdown, aborting read-only worker requests.", "resource://services-settings/RemoteSettingsWorker.jsm", 143))

###!!! [Parent][RunMessage] Error: Channel closing: too late to send/recv, messages will be lost

1639619339868	geckodriver	INFO	Listening on 127.0.0.1:63852
1639619342927	mozrunner::runner	INFO	Running command: "C:\\Program Files\\Mozilla Firefox\\firefox.exe" "--marionette" "--remote-debugging-port" "63853" "-no-remote" "-profile" "C:\\Users\\sydst\\AppData\\Local\\Temp\\rust_mozprofile3txSGX"
1639619343294	Marionette	INFO	Marionette enabled
console.warn: SearchSettings: "get: No settings file exists, new profile?" (new NotFoundError("Could not open the file at C:\\Users\\sydst\\AppData\\Local\\Temp\\rust_mozprofile3txSGX\\search.json.mozlz4", (void 0)))
DevTools listening on ws://localhost:63853/devtools/browser/49d7b808-b2eb-4537-ad0c-8d6b2fb3f098
1639619345790	Marionette	INFO	Listening on port 63861
1639619346100	RemoteAgent	WARN	TLS certificate errors will be ignored for this session
1639619346590	Marionette	INFO	Stopped listening on port 63861
console.error: QuickSuggest: (new Error("Shutdown, aborting read-only worker requests.", "resource://services-settings/RemoteSettingsWorker.jsm", 143))

###!!! [Parent][RunMessage] Error: Channel closing: too late to send/recv, messages will be lost

1639619347583	geckodriver	INFO	Listening on 127.0.0.1:63917
1639619350628	mozrunner::runner	INFO	Running command: "C:\\Program Files\\Mozilla Firefox\\firefox.exe" "--marionette" "--remote-debugging-port" "63918" "-no-remote" "-profile" "C:\\Users\\sydst\\AppData\\Local\\Temp\\rust_mozprofileMDGufQ"
1639619351002	Marionette	INFO	Marionette enabled
console.warn: SearchSettings: "get: No settings file exists, new profile?" (new NotFoundError("Could not open the file at C:\\Users\\sydst\\AppData\\Local\\Temp\\rust_mozprofileMDGufQ\\search.json.mozlz4", (void 0)))
DevTools listening on ws://localhost:63918/devtools/browser/4a32c48f-5bec-4bcf-8159-53f997a91901
1639619353636	Marionette	INFO	Listening on port 63923
1639619353808	RemoteAgent	WARN	TLS certificate errors will be ignored for this session
1639619354162	Marionette	INFO	Stopped listening on port 63923
1639619355186	geckodriver	INFO	Listening on 127.0.0.1:63959
1639619358251	mozrunner::runner	INFO	Running command: "C:\\Program Files\\Mozilla Firefox\\firefox.exe" "--marionette" "--remote-debugging-port" "63960" "-no-remote" "-profile" "C:\\Users\\sydst\\AppData\\Local\\Temp\\rust_mozprofileFTxW7s"
1639619358722	Marionette	INFO	Marionette enabled
console.warn: SearchSettings: "get: No settings file exists, new profile?" (new NotFoundError("Could not open the file at C:\\Users\\sydst\\AppData\\Local\\Temp\\rust_mozprofileFTxW7s\\search.json.mozlz4", (void 0)))
DevTools listening on ws://localhost:63960/devtools/browser/f60d0bf3-9b16-4ad9-b981-b9bc8174d3c0
1639619361368	Marionette	INFO	Listening on port 54051
1639619361431	RemoteAgent	WARN	TLS certificate errors will be ignored for this session
1639619362007	Marionette	INFO	Stopped listening on port 54051
console.error: QuickSuggest: (new Error("Shutdown, aborting read-only worker requests.", "resource://services-settings/RemoteSettingsWorker.jsm", 143))
[Parent 12412, IPC I/O Parent] WARNING: file /builds/worker/checkouts/gecko/ipc/chromium/src/base/process_util_win.cc:167
1639619363307	geckodriver	INFO	Listening on 127.0.0.1:58926
1639619366366	mozrunner::runner	INFO	Running command: "C:\\Program Files\\Mozilla Firefox\\firefox.exe" "--marionette" "--remote-debugging-port" "58927" "-no-remote" "-profile" "C:\\Users\\sydst\\AppData\\Local\\Temp\\rust_mozprofile9psB8V"
1639619366754	Marionette	INFO	Marionette enabled
console.warn: SearchSettings: "get: No settings file exists, new profile?" (new NotFoundError("Could not open the file at C:\\Users\\sydst\\AppData\\Local\\Temp\\rust_mozprofile9psB8V\\search.json.mozlz4", (void 0)))
DevTools listening on ws://localhost:58927/devtools/browser/fe9b4d6e-f52b-4036-a250-81b6d65bbcb5
1639619369388	Marionette	INFO	Listening on port 58933
1639619369543	RemoteAgent	WARN	TLS certificate errors will be ignored for this session
1639619370057	Marionette	INFO	Stopped listening on port 58933
console.error: QuickSuggest: (new Error("Shutdown, aborting read-only worker requests.", "resource://services-settings/RemoteSettingsWorker.jsm", 143))

###!!! [Parent][RunMessage] Error: Channel closing: too late to send/recv, messages will be lost

1639619445566	geckodriver	INFO	Listening on 127.0.0.1:58995
1639619448645	mozrunner::runner	INFO	Running command: "C:\\Program Files\\Mozilla Firefox\\firefox.exe" "--marionette" "--remote-debugging-port" "58996" "-no-remote" "-profile" "C:\\Users\\sydst\\AppData\\Local\\Temp\\rust_mozprofileNvOQUC"
1639619448979	Marionette	INFO	Marionette enabled
console.warn: SearchSettings: "get: No settings file exists, new profile?" (new NotFoundError("Could not open the file at C:\\Users\\sydst\\AppData\\Local\\Temp\\rust_mozprofileNvOQUC\\search.json.mozlz4", (void 0)))
DevTools listening on ws://localhost:58996/devtools/browser/681427fb-c172-4db3-abb4-6655c5f5f3d9
1639619451654	Marionette	INFO	Listening on port 59001
1639619451835	RemoteAgent	WARN	TLS certificate errors will be ignored for this session
1639619452448	Marionette	INFO	Stopped listening on port 59001
console.error: QuickSuggest: (new Error("Shutdown, aborting read-only worker requests.", "resource://services-settings/RemoteSettingsWorker.jsm", 143))
1639619453389	geckodriver	INFO	Listening on 127.0.0.1:59057
1639619456453	mozrunner::runner	INFO	Running command: "C:\\Program Files\\Mozilla Firefox\\firefox.exe" "--marionette" "--remote-debugging-port" "59058" "-no-remote" "-profile" "C:\\Users\\sydst\\AppData\\Local\\Temp\\rust_mozprofilejK8n8a"
1639619456801	Marionette	INFO	Marionette enabled
console.warn: SearchSettings: "get: No settings file exists, new profile?" (new NotFoundError("Could not open the file at C:\\Users\\sydst\\AppData\\Local\\Temp\\rust_mozprofilejK8n8a\\search.json.mozlz4", (void 0)))
DevTools listening on ws://localhost:59058/devtools/browser/0a57122b-1e02-49f7-9d6d-d54100ae6c7c
1639619459342	Marionette	INFO	Listening on port 59065
1639619459628	RemoteAgent	WARN	TLS certificate errors will be ignored for this session
1639619460127	Marionette	INFO	Stopped listening on port 59065
console.error: QuickSuggest: (new Error("Shutdown, aborting read-only worker requests.", "resource://services-settings/RemoteSettingsWorker.jsm", 143))

###!!! [Parent][RunMessage] Error: Channel closing: too late to send/recv, messages will be lost

1639619461102	geckodriver	INFO	Listening on 127.0.0.1:59126
1639619464160	mozrunner::runner	INFO	Running command: "C:\\Program Files\\Mozilla Firefox\\firefox.exe" "--marionette" "--remote-debugging-port" "59127" "-no-remote" "-profile" "C:\\Users\\sydst\\AppData\\Local\\Temp\\rust_mozprofileOEevvu"
1639619464522	Marionette	INFO	Marionette enabled
console.warn: SearchSettings: "get: No settings file exists, new profile?" (new NotFoundError("Could not open the file at C:\\Users\\sydst\\AppData\\Local\\Temp\\rust_mozprofileOEevvu\\search.json.mozlz4", (void 0)))
DevTools listening on ws://localhost:59127/devtools/browser/d5294b24-b7cf-498b-a80d-ca9faa75a264
1639619467084	Marionette	INFO	Listening on port 59136
1639619467337	RemoteAgent	WARN	TLS certificate errors will be ignored for this session
1639619467658	Marionette	INFO	Stopped listening on port 59136
console.error: QuickSuggest: (new Error("Shutdown, aborting read-only worker requests.", "resource://services-settings/RemoteSettingsWorker.jsm", 143))

###!!! [Parent][RunMessage] Error: Channel closing: too late to send/recv, messages will be lost

1639619468595	geckodriver	INFO	Listening on 127.0.0.1:59186
1639619471665	mozrunner::runner	INFO	Running command: "C:\\Program Files\\Mozilla Firefox\\firefox.exe" "--marionette" "--remote-debugging-port" "59187" "-no-remote" "-profile" "C:\\Users\\sydst\\AppData\\Local\\Temp\\rust_mozprofilep9N5Kt"
1639619472056	Marionette	INFO	Marionette enabled
console.warn: SearchSettings: "get: No settings file exists, new profile?" (new NotFoundError("Could not open the file at C:\\Users\\sydst\\AppData\\Local\\Temp\\rust_mozprofilep9N5Kt\\search.json.mozlz4", (void 0)))
DevTools listening on ws://localhost:59187/devtools/browser/08422589-2702-43d0-83b8-a24983320428
1639619474809	Marionette	INFO	Listening on port 59192
1639619474889	RemoteAgent	WARN	TLS certificate errors will be ignored for this session
1639619475728	Marionette	INFO	Stopped listening on port 59192
[Parent 9100, IPC I/O Parent] WARNING: file /builds/worker/checkouts/gecko/ipc/chromium/src/base/process_util_win.cc:167
console.error: QuickSuggest: (new TypeError("NetworkError: Network request failed", "resource://services-settings/Utils.jsm", 117))

###!!! [Parent][RunMessage] Error: Channel closing: too late to send/recv, messages will be lost

1639619476953	geckodriver	INFO	Listening on 127.0.0.1:53211
1639619480007	mozrunner::runner	INFO	Running command: "C:\\Program Files\\Mozilla Firefox\\firefox.exe" "--marionette" "--remote-debugging-port" "53212" "-no-remote" "-profile" "C:\\Users\\sydst\\AppData\\Local\\Temp\\rust_mozprofileDTvGDY"
1639619480459	Marionette	INFO	Marionette enabled
console.warn: SearchSettings: "get: No settings file exists, new profile?" (new NotFoundError("Could not open the file at C:\\Users\\sydst\\AppData\\Local\\Temp\\rust_mozprofileDTvGDY\\search.json.mozlz4", (void 0)))
DevTools listening on ws://localhost:53212/devtools/browser/d362d1cd-107e-4b06-90d9-e91061516de0
1639619483291	Marionette	INFO	Listening on port 53217
1639619483707	RemoteAgent	WARN	TLS certificate errors will be ignored for this session
1639619484091	Marionette	INFO	Stopped listening on port 53217
console.error: QuickSuggest: (new TypeError("NetworkError: Network request failed", "resource://services-settings/Utils.jsm", 117))

###!!! [Parent][RunMessage] Error: Channel closing: too late to send/recv, messages will be lost

1639619562360	geckodriver	INFO	Listening on 127.0.0.1:51969
1639619565427	mozrunner::runner	INFO	Running command: "C:\\Program Files\\Mozilla Firefox\\firefox.exe" "--marionette" "--remote-debugging-port" "51970" "-no-remote" "-profile" "C:\\Users\\sydst\\AppData\\Local\\Temp\\rust_mozprofileuwOTrC"
1639619566031	Marionette	INFO	Marionette enabled
console.warn: SearchSettings: "get: No settings file exists, new profile?" (new NotFoundError("Could not open the file at C:\\Users\\sydst\\AppData\\Local\\Temp\\rust_mozprofileuwOTrC\\search.json.mozlz4", (void 0)))
DevTools listening on ws://localhost:51970/devtools/browser/b995579f-9bde-40e8-9006-1b532412b7be
1639619568630	Marionette	INFO	Listening on port 51975
1639619569128	RemoteAgent	WARN	TLS certificate errors will be ignored for this session
1639619569767	Marionette	INFO	Stopped listening on port 51975
[Parent 19628, IPC I/O Parent] WARNING: file /builds/worker/checkouts/gecko/ipc/chromium/src/base/process_util_win.cc:167
console.error: QuickSuggest: (new TypeError("NetworkError: Network request failed", "resource://services-settings/Utils.jsm", 117))

###!!! [Parent][RunMessage] Error: Channel closing: too late to send/recv, messages will be lost

1639619624184	geckodriver	INFO	Listening on 127.0.0.1:54723
1639619627257	mozrunner::runner	INFO	Running command: "C:\\Program Files\\Mozilla Firefox\\firefox.exe" "--marionette" "--remote-debugging-port" "54724" "-no-remote" "-profile" "C:\\Users\\sydst\\AppData\\Local\\Temp\\rust_mozprofile3RWkI5"
1639619627665	Marionette	INFO	Marionette enabled
console.warn: SearchSettings: "get: No settings file exists, new profile?" (new NotFoundError("Could not open the file at C:\\Users\\sydst\\AppData\\Local\\Temp\\rust_mozprofile3RWkI5\\search.json.mozlz4", (void 0)))
DevTools listening on ws://localhost:54724/devtools/browser/f874ffd6-062f-4063-ba38-64d5bc25936e
1639619630288	Marionette	INFO	Listening on port 54731
1639619630477	RemoteAgent	WARN	TLS certificate errors will be ignored for this session
1639619631058	Marionette	INFO	Stopped listening on port 54731
console.error: QuickSuggest: (new Error("Shutdown, aborting read-only worker requests.", "resource://services-settings/RemoteSettingsWorker.jsm", 143))
